{
  "RSpec": {
    "coverage": {
      "/root/cs/Portfolio/app/models/user.rb": {
        "lines": [
          1,
          null,
          null,
          1,
          null,
          null
        ]
      },
      "/root/cs/Portfolio/app/models/application_record.rb": {
        "lines": [
          1,
          1,
          null
        ]
      },
      "/root/cs/Portfolio/app/helpers/application_helper.rb": {
        "lines": [
          1,
          null
        ]
      },
      "/root/cs/Portfolio/app/helpers/posts_helper.rb": {
        "lines": [
          1,
          null
        ]
      },
      "/root/cs/Portfolio/app/controllers/posts_controller.rb": {
        "lines": [
          1,
          1,
          null,
          null,
          1,
          null,
          null,
          null,
          1,
          5,
          null,
          null,
          null,
          1,
          null,
          null,
          null,
          1,
          0,
          null,
          null,
          null,
          1,
          null,
          null,
          null,
          1,
          0,
          null,
          0,
          0,
          0,
          0,
          null,
          0,
          0,
          null,
          null,
          null,
          null,
          null,
          1,
          0,
          0,
          0,
          0,
          null,
          0,
          0,
          null,
          null,
          null,
          null,
          null,
          1,
          0,
          0,
          0,
          0,
          null,
          null,
          null,
          1,
          null,
          1,
          3,
          null,
          null,
          null,
          1,
          0,
          null,
          null
        ]
      },
      "/root/cs/Portfolio/app/controllers/application_controller.rb": {
        "lines": [
          1,
          null
        ]
      },
      "/root/cs/Portfolio/app/models/post.rb": {
        "lines": [
          1,
          1,
          1,
          1,
          null,
          1,
          18,
          null,
          null,
          null,
          null,
          null,
          null,
          null,
          null,
          null,
          null,
          null,
          null,
          null,
          null,
          null,
          null,
          null,
          null,
          null,
          null,
          null,
          null,
          null
        ]
      },
      "/root/cs/Portfolio/app/channels/application_cable/channel.rb": {
        "lines": [
          0,
          0,
          0,
          0
        ],
        "branches": {
        }
      },
      "/root/cs/Portfolio/app/channels/application_cable/connection.rb": {
        "lines": [
          0,
          0,
          0,
          0
        ],
        "branches": {
        }
      },
      "/root/cs/Portfolio/app/jobs/application_job.rb": {
        "lines": [
          0,
          0
        ],
        "branches": {
        }
      },
      "/root/cs/Portfolio/app/mailers/application_mailer.rb": {
        "lines": [
          0,
          0,
          0,
          0
        ],
        "branches": {
        }
      }
    },
    "timestamp": 1620616579
  }
}
